{"E:\\Users\\Gerry\\Documents\\GitHub\\structurizr-parser\\src\\Lexer.ts": {"path":"E:\\Users\\Gerry\\Documents\\GitHub\\structurizr-parser\\src\\Lexer.ts","statementMap":{"0":{"start":{"line":1,"column":0},"end":{"line":1,"column":62}},"1":{"start":{"line":6,"column":20},"end":{"line":10,"column":1}},"2":{"start":{"line":7,"column":21},"end":{"line":7,"column":40}},"3":{"start":{"line":8,"column":4},"end":{"line":8,"column":29}},"4":{"start":{"line":9,"column":4},"end":{"line":9,"column":20}},"5":{"start":{"line":13,"column":13},"end":{"line":13,"column":130}},"6":{"start":{"line":14,"column":13},"end":{"line":14,"column":112}},"7":{"start":{"line":15,"column":13},"end":{"line":15,"column":110}},"8":{"start":{"line":18,"column":13},"end":{"line":18,"column":78}},"9":{"start":{"line":21,"column":13},"end":{"line":21,"column":102}},"10":{"start":{"line":24,"column":13},"end":{"line":24,"column":128}},"11":{"start":{"line":27,"column":13},"end":{"line":27,"column":102}},"12":{"start":{"line":30,"column":13},"end":{"line":30,"column":85}},"13":{"start":{"line":31,"column":13},"end":{"line":31,"column":88}},"14":{"start":{"line":32,"column":13},"end":{"line":32,"column":76}},"15":{"start":{"line":33,"column":13},"end":{"line":33,"column":76}},"16":{"start":{"line":34,"column":13},"end":{"line":34,"column":98}},"17":{"start":{"line":35,"column":13},"end":{"line":35,"column":124}},"18":{"start":{"line":36,"column":13},"end":{"line":36,"column":107}},"19":{"start":{"line":37,"column":13},"end":{"line":37,"column":101}},"20":{"start":{"line":38,"column":13},"end":{"line":38,"column":95}},"21":{"start":{"line":39,"column":13},"end":{"line":39,"column":92}},"22":{"start":{"line":40,"column":13},"end":{"line":40,"column":110}},"23":{"start":{"line":41,"column":13},"end":{"line":41,"column":95}},"24":{"start":{"line":42,"column":13},"end":{"line":42,"column":98}},"25":{"start":{"line":43,"column":13},"end":{"line":43,"column":122}},"26":{"start":{"line":44,"column":13},"end":{"line":44,"column":107}},"27":{"start":{"line":45,"column":13},"end":{"line":45,"column":107}},"28":{"start":{"line":46,"column":13},"end":{"line":46,"column":118}},"29":{"start":{"line":47,"column":13},"end":{"line":47,"column":100}},"30":{"start":{"line":48,"column":13},"end":{"line":48,"column":97}},"31":{"start":{"line":49,"column":13},"end":{"line":49,"column":110}},"32":{"start":{"line":50,"column":13},"end":{"line":50,"column":121}},"33":{"start":{"line":51,"column":13},"end":{"line":51,"column":106}},"34":{"start":{"line":52,"column":13},"end":{"line":52,"column":101}},"35":{"start":{"line":53,"column":13},"end":{"line":53,"column":95}},"36":{"start":{"line":54,"column":13},"end":{"line":54,"column":100}},"37":{"start":{"line":55,"column":13},"end":{"line":55,"column":94}},"38":{"start":{"line":56,"column":13},"end":{"line":56,"column":103}},"39":{"start":{"line":57,"column":13},"end":{"line":57,"column":101}},"40":{"start":{"line":58,"column":13},"end":{"line":58,"column":109}},"41":{"start":{"line":59,"column":13},"end":{"line":59,"column":97}},"42":{"start":{"line":60,"column":13},"end":{"line":60,"column":93}},"43":{"start":{"line":61,"column":13},"end":{"line":61,"column":93}},"44":{"start":{"line":62,"column":13},"end":{"line":62,"column":105}},"45":{"start":{"line":63,"column":13},"end":{"line":63,"column":97}},"46":{"start":{"line":64,"column":13},"end":{"line":64,"column":115}},"47":{"start":{"line":65,"column":13},"end":{"line":65,"column":97}},"48":{"start":{"line":66,"column":13},"end":{"line":66,"column":90}},"49":{"start":{"line":67,"column":13},"end":{"line":67,"column":103}},"50":{"start":{"line":68,"column":13},"end":{"line":68,"column":112}},"51":{"start":{"line":69,"column":13},"end":{"line":69,"column":118}},"52":{"start":{"line":70,"column":13},"end":{"line":70,"column":95}},"53":{"start":{"line":71,"column":13},"end":{"line":71,"column":99}},"54":{"start":{"line":72,"column":13},"end":{"line":72,"column":108}},"55":{"start":{"line":73,"column":13},"end":{"line":73,"column":111}},"56":{"start":{"line":74,"column":13},"end":{"line":74,"column":108}},"57":{"start":{"line":75,"column":13},"end":{"line":75,"column":93}},"58":{"start":{"line":76,"column":13},"end":{"line":76,"column":108}},"59":{"start":{"line":77,"column":13},"end":{"line":77,"column":93}},"60":{"start":{"line":78,"column":13},"end":{"line":78,"column":96}},"61":{"start":{"line":79,"column":13},"end":{"line":79,"column":230}},"62":{"start":{"line":80,"column":13},"end":{"line":80,"column":102}},"63":{"start":{"line":81,"column":13},"end":{"line":81,"column":98}},"64":{"start":{"line":84,"column":13},"end":{"line":84,"column":68}},"65":{"start":{"line":85,"column":13},"end":{"line":85,"column":75}},"66":{"start":{"line":88,"column":13},"end":{"line":88,"column":71}},"67":{"start":{"line":89,"column":13},"end":{"line":89,"column":117}},"68":{"start":{"line":90,"column":13},"end":{"line":90,"column":105}},"69":{"start":{"line":91,"column":13},"end":{"line":91,"column":127}},"70":{"start":{"line":92,"column":13},"end":{"line":92,"column":100}},"71":{"start":{"line":93,"column":13},"end":{"line":93,"column":99}},"72":{"start":{"line":97,"column":13},"end":{"line":97,"column":74}},"73":{"start":{"line":101,"column":13},"end":{"line":101,"column":81}},"74":{"start":{"line":102,"column":13},"end":{"line":102,"column":81}},"75":{"start":{"line":105,"column":13},"end":{"line":105,"column":108}},"76":{"start":{"line":108,"column":13},"end":{"line":188,"column":2}},"77":{"start":{"line":190,"column":13},"end":{"line":190,"column":53}}},"fnMap":{"0":{"name":"(anonymous_0)","decl":{"start":{"line":6,"column":20},"end":{"line":6,"column":21}},"loc":{"start":{"line":6,"column":45},"end":{"line":10,"column":1}}}},"branchMap":{},"s":{"0":1,"1":1,"2":0,"3":0,"4":0,"5":1,"6":1,"7":1,"8":1,"9":1,"10":1,"11":1,"12":1,"13":1,"14":1,"15":1,"16":1,"17":1,"18":1,"19":1,"20":1,"21":1,"22":1,"23":1,"24":1,"25":1,"26":1,"27":1,"28":1,"29":1,"30":1,"31":1,"32":1,"33":1,"34":1,"35":1,"36":1,"37":1,"38":1,"39":1,"40":1,"41":1,"42":1,"43":1,"44":1,"45":1,"46":1,"47":1,"48":1,"49":1,"50":1,"51":1,"52":1,"53":1,"54":1,"55":1,"56":1,"57":1,"58":1,"59":1,"60":1,"61":1,"62":1,"63":1,"64":1,"65":1,"66":1,"67":1,"68":1,"69":1,"70":1,"71":1,"72":1,"73":1,"74":1,"75":1,"76":1,"77":1},"f":{"0":0},"b":{}}
,"E:\\Users\\Gerry\\Documents\\GitHub\\structurizr-parser\\src\\Parser.ts": {"path":"E:\\Users\\Gerry\\Documents\\GitHub\\structurizr-parser\\src\\Parser.ts","statementMap":{"0":{"start":{"line":1,"column":0},"end":{"line":1,"column":39}},"1":{"start":{"line":2,"column":0},"end":{"line":2,"column":539}},"2":{"start":{"line":8,"column":4},"end":{"line":8,"column":21}},"3":{"start":{"line":12,"column":4},"end":{"line":12,"column":31}},"4":{"start":{"line":16,"column":28},"end":{"line":23,"column":4}},"5":{"start":{"line":17,"column":4},"end":{"line":17,"column":28}},"6":{"start":{"line":18,"column":4},"end":{"line":21,"column":7}},"7":{"start":{"line":19,"column":20},"end":{"line":19,"column":42}},"8":{"start":{"line":19,"column":43},"end":{"line":19,"column":66}},"9":{"start":{"line":20,"column":20},"end":{"line":20,"column":72}},"10":{"start":{"line":20,"column":40},"end":{"line":20,"column":69}},"11":{"start":{"line":20,"column":73},"end":{"line":20,"column":125}},"12":{"start":{"line":20,"column":93},"end":{"line":20,"column":122}},"13":{"start":{"line":22,"column":4},"end":{"line":22,"column":40}},"14":{"start":{"line":25,"column":29},"end":{"line":32,"column":4}},"15":{"start":{"line":26,"column":4},"end":{"line":26,"column":25}},"16":{"start":{"line":27,"column":4},"end":{"line":27,"column":36}},"17":{"start":{"line":28,"column":4},"end":{"line":30,"column":7}},"18":{"start":{"line":29,"column":6},"end":{"line":29,"column":38}},"19":{"start":{"line":31,"column":4},"end":{"line":31,"column":25}},"20":{"start":{"line":34,"column":25},"end":{"line":37,"column":4}},"21":{"start":{"line":35,"column":4},"end":{"line":35,"column":24}},"22":{"start":{"line":36,"column":4},"end":{"line":36,"column":41}},"23":{"start":{"line":39,"column":30},"end":{"line":51,"column":4}},"24":{"start":{"line":40,"column":4},"end":{"line":40,"column":26}},"25":{"start":{"line":41,"column":4},"end":{"line":49,"column":7}},"26":{"start":{"line":42,"column":8},"end":{"line":48,"column":11}},"27":{"start":{"line":43,"column":25},"end":{"line":43,"column":57}},"28":{"start":{"line":44,"column":25},"end":{"line":44,"column":58}},"29":{"start":{"line":45,"column":25},"end":{"line":45,"column":66}},"30":{"start":{"line":46,"column":25},"end":{"line":46,"column":65}},"31":{"start":{"line":47,"column":25},"end":{"line":47,"column":73}},"32":{"start":{"line":50,"column":4},"end":{"line":50,"column":26}},"33":{"start":{"line":53,"column":25},"end":{"line":61,"column":4}},"34":{"start":{"line":54,"column":4},"end":{"line":57,"column":7}},"35":{"start":{"line":55,"column":8},"end":{"line":55,"column":33}},"36":{"start":{"line":56,"column":8},"end":{"line":56,"column":29}},"37":{"start":{"line":58,"column":4},"end":{"line":58,"column":24}},"38":{"start":{"line":59,"column":4},"end":{"line":59,"column":32}},"39":{"start":{"line":60,"column":4},"end":{"line":60,"column":41}},"40":{"start":{"line":63,"column":30},"end":{"line":72,"column":4}},"41":{"start":{"line":64,"column":4},"end":{"line":64,"column":25}},"42":{"start":{"line":65,"column":4},"end":{"line":70,"column":7}},"43":{"start":{"line":66,"column":8},"end":{"line":69,"column":11}},"44":{"start":{"line":67,"column":25},"end":{"line":67,"column":58}},"45":{"start":{"line":68,"column":25},"end":{"line":68,"column":66}},"46":{"start":{"line":71,"column":4},"end":{"line":71,"column":25}},"47":{"start":{"line":74,"column":26},"end":{"line":87,"column":4}},"48":{"start":{"line":75,"column":4},"end":{"line":78,"column":7}},"49":{"start":{"line":76,"column":8},"end":{"line":76,"column":33}},"50":{"start":{"line":77,"column":8},"end":{"line":77,"column":29}},"51":{"start":{"line":79,"column":4},"end":{"line":79,"column":25}},"52":{"start":{"line":80,"column":4},"end":{"line":80,"column":32}},"53":{"start":{"line":81,"column":4},"end":{"line":83,"column":7}},"54":{"start":{"line":82,"column":8},"end":{"line":82,"column":37}},"55":{"start":{"line":84,"column":4},"end":{"line":86,"column":7}},"56":{"start":{"line":85,"column":8},"end":{"line":85,"column":37}},"57":{"start":{"line":89,"column":34},"end":{"line":102,"column":4}},"58":{"start":{"line":90,"column":4},"end":{"line":93,"column":7}},"59":{"start":{"line":91,"column":8},"end":{"line":91,"column":33}},"60":{"start":{"line":92,"column":8},"end":{"line":92,"column":29}},"61":{"start":{"line":94,"column":4},"end":{"line":94,"column":33}},"62":{"start":{"line":95,"column":4},"end":{"line":95,"column":32}},"63":{"start":{"line":96,"column":4},"end":{"line":98,"column":7}},"64":{"start":{"line":97,"column":8},"end":{"line":97,"column":37}},"65":{"start":{"line":99,"column":4},"end":{"line":101,"column":7}},"66":{"start":{"line":100,"column":6},"end":{"line":100,"column":52}},"67":{"start":{"line":104,"column":39},"end":{"line":114,"column":4}},"68":{"start":{"line":105,"column":4},"end":{"line":105,"column":26}},"69":{"start":{"line":106,"column":4},"end":{"line":112,"column":7}},"70":{"start":{"line":107,"column":6},"end":{"line":110,"column":9}},"71":{"start":{"line":108,"column":21},"end":{"line":108,"column":57}},"72":{"start":{"line":109,"column":21},"end":{"line":109,"column":61}},"73":{"start":{"line":113,"column":4},"end":{"line":113,"column":26}},"74":{"start":{"line":116,"column":29},"end":{"line":127,"column":4}},"75":{"start":{"line":117,"column":4},"end":{"line":120,"column":7}},"76":{"start":{"line":118,"column":8},"end":{"line":118,"column":33}},"77":{"start":{"line":119,"column":8},"end":{"line":119,"column":29}},"78":{"start":{"line":121,"column":4},"end":{"line":121,"column":28}},"79":{"start":{"line":122,"column":4},"end":{"line":122,"column":32}},"80":{"start":{"line":123,"column":4},"end":{"line":125,"column":7}},"81":{"start":{"line":124,"column":8},"end":{"line":124,"column":37}},"82":{"start":{"line":126,"column":4},"end":{"line":126,"column":65}},"83":{"start":{"line":126,"column":23},"end":{"line":126,"column":63}},"84":{"start":{"line":129,"column":34},"end":{"line":138,"column":4}},"85":{"start":{"line":130,"column":4},"end":{"line":130,"column":26}},"86":{"start":{"line":131,"column":4},"end":{"line":136,"column":7}},"87":{"start":{"line":132,"column":6},"end":{"line":135,"column":9}},"88":{"start":{"line":133,"column":21},"end":{"line":133,"column":57}},"89":{"start":{"line":134,"column":21},"end":{"line":134,"column":61}},"90":{"start":{"line":137,"column":4},"end":{"line":137,"column":26}},"91":{"start":{"line":140,"column":29},"end":{"line":150,"column":4}},"92":{"start":{"line":141,"column":4},"end":{"line":144,"column":7}},"93":{"start":{"line":142,"column":8},"end":{"line":142,"column":33}},"94":{"start":{"line":143,"column":8},"end":{"line":143,"column":29}},"95":{"start":{"line":145,"column":4},"end":{"line":145,"column":28}},"96":{"start":{"line":146,"column":4},"end":{"line":146,"column":32}},"97":{"start":{"line":147,"column":4},"end":{"line":149,"column":7}},"98":{"start":{"line":148,"column":8},"end":{"line":148,"column":37}},"99":{"start":{"line":152,"column":33},"end":{"line":159,"column":4}},"100":{"start":{"line":153,"column":4},"end":{"line":153,"column":29}},"101":{"start":{"line":154,"column":4},"end":{"line":154,"column":28}},"102":{"start":{"line":155,"column":4},"end":{"line":155,"column":30}},"103":{"start":{"line":156,"column":4},"end":{"line":158,"column":7}},"104":{"start":{"line":157,"column":6},"end":{"line":157,"column":34}},"105":{"start":{"line":161,"column":33},"end":{"line":167,"column":4}},"106":{"start":{"line":162,"column":4},"end":{"line":162,"column":28}},"107":{"start":{"line":163,"column":4},"end":{"line":163,"column":30}},"108":{"start":{"line":164,"column":4},"end":{"line":166,"column":7}},"109":{"start":{"line":165,"column":6},"end":{"line":165,"column":34}},"110":{"start":{"line":169,"column":41},"end":{"line":177,"column":4}},"111":{"start":{"line":170,"column":4},"end":{"line":173,"column":7}},"112":{"start":{"line":171,"column":6},"end":{"line":171,"column":31}},"113":{"start":{"line":172,"column":6},"end":{"line":172,"column":27}},"114":{"start":{"line":174,"column":4},"end":{"line":174,"column":40}},"115":{"start":{"line":175,"column":4},"end":{"line":175,"column":32}},"116":{"start":{"line":176,"column":4},"end":{"line":176,"column":57}},"117":{"start":{"line":179,"column":46},"end":{"line":187,"column":4}},"118":{"start":{"line":180,"column":4},"end":{"line":180,"column":25}},"119":{"start":{"line":181,"column":4},"end":{"line":185,"column":8}},"120":{"start":{"line":181,"column":20},"end":{"line":185,"column":6}},"121":{"start":{"line":182,"column":19},"end":{"line":182,"column":60}},"122":{"start":{"line":183,"column":19},"end":{"line":183,"column":63}},"123":{"start":{"line":184,"column":19},"end":{"line":184,"column":59}},"124":{"start":{"line":186,"column":4},"end":{"line":186,"column":25}},"125":{"start":{"line":189,"column":34},"end":{"line":201,"column":4}},"126":{"start":{"line":190,"column":4},"end":{"line":193,"column":7}},"127":{"start":{"line":191,"column":6},"end":{"line":191,"column":31}},"128":{"start":{"line":192,"column":6},"end":{"line":192,"column":27}},"129":{"start":{"line":194,"column":4},"end":{"line":194,"column":33}},"130":{"start":{"line":195,"column":4},"end":{"line":195,"column":32}},"131":{"start":{"line":196,"column":4},"end":{"line":196,"column":53}},"132":{"start":{"line":196,"column":23},"end":{"line":196,"column":51}},"133":{"start":{"line":197,"column":4},"end":{"line":197,"column":53}},"134":{"start":{"line":197,"column":23},"end":{"line":197,"column":51}},"135":{"start":{"line":198,"column":4},"end":{"line":198,"column":53}},"136":{"start":{"line":198,"column":23},"end":{"line":198,"column":51}},"137":{"start":{"line":199,"column":4},"end":{"line":199,"column":43}},"138":{"start":{"line":199,"column":23},"end":{"line":199,"column":41}},"139":{"start":{"line":200,"column":4},"end":{"line":200,"column":70}},"140":{"start":{"line":200,"column":23},"end":{"line":200,"column":68}},"141":{"start":{"line":203,"column":39},"end":{"line":211,"column":4}},"142":{"start":{"line":204,"column":4},"end":{"line":204,"column":25}},"143":{"start":{"line":205,"column":4},"end":{"line":209,"column":8}},"144":{"start":{"line":205,"column":20},"end":{"line":209,"column":6}},"145":{"start":{"line":206,"column":19},"end":{"line":206,"column":60}},"146":{"start":{"line":207,"column":19},"end":{"line":207,"column":63}},"147":{"start":{"line":208,"column":19},"end":{"line":208,"column":68}},"148":{"start":{"line":210,"column":4},"end":{"line":210,"column":25}},"149":{"start":{"line":213,"column":37},"end":{"line":223,"column":4}},"150":{"start":{"line":214,"column":4},"end":{"line":217,"column":7}},"151":{"start":{"line":215,"column":6},"end":{"line":215,"column":31}},"152":{"start":{"line":216,"column":6},"end":{"line":216,"column":27}},"153":{"start":{"line":218,"column":4},"end":{"line":218,"column":36}},"154":{"start":{"line":219,"column":4},"end":{"line":219,"column":30}},"155":{"start":{"line":220,"column":4},"end":{"line":222,"column":7}},"156":{"start":{"line":221,"column":6},"end":{"line":221,"column":34}},"157":{"start":{"line":225,"column":42},"end":{"line":229,"column":4}},"158":{"start":{"line":226,"column":4},"end":{"line":226,"column":41}},"159":{"start":{"line":227,"column":4},"end":{"line":227,"column":29}},"160":{"start":{"line":228,"column":4},"end":{"line":228,"column":51}},"161":{"start":{"line":228,"column":21},"end":{"line":228,"column":49}},"162":{"start":{"line":231,"column":25},"end":{"line":234,"column":4}},"163":{"start":{"line":232,"column":4},"end":{"line":232,"column":24}},"164":{"start":{"line":233,"column":4},"end":{"line":233,"column":41}},"165":{"start":{"line":236,"column":30},"end":{"line":251,"column":4}},"166":{"start":{"line":237,"column":4},"end":{"line":237,"column":26}},"167":{"start":{"line":238,"column":4},"end":{"line":249,"column":7}},"168":{"start":{"line":239,"column":6},"end":{"line":248,"column":9}},"169":{"start":{"line":240,"column":21},"end":{"line":240,"column":60}},"170":{"start":{"line":241,"column":21},"end":{"line":241,"column":58}},"171":{"start":{"line":242,"column":21},"end":{"line":242,"column":54}},"172":{"start":{"line":243,"column":21},"end":{"line":243,"column":54}},"173":{"start":{"line":244,"column":21},"end":{"line":244,"column":53}},"174":{"start":{"line":245,"column":21},"end":{"line":245,"column":54}},"175":{"start":{"line":246,"column":21},"end":{"line":246,"column":55}},"176":{"start":{"line":247,"column":21},"end":{"line":247,"column":58}},"177":{"start":{"line":250,"column":4},"end":{"line":250,"column":26}},"178":{"start":{"line":253,"column":32},"end":{"line":259,"column":4}},"179":{"start":{"line":254,"column":4},"end":{"line":254,"column":34}},"180":{"start":{"line":255,"column":4},"end":{"line":257,"column":7}},"181":{"start":{"line":256,"column":6},"end":{"line":256,"column":34}},"182":{"start":{"line":258,"column":4},"end":{"line":258,"column":35}},"183":{"start":{"line":261,"column":24},"end":{"line":273,"column":4}},"184":{"start":{"line":262,"column":4},"end":{"line":262,"column":25}},"185":{"start":{"line":263,"column":4},"end":{"line":271,"column":7}},"186":{"start":{"line":264,"column":6},"end":{"line":270,"column":null}},"187":{"start":{"line":265,"column":21},"end":{"line":265,"column":55}},"188":{"start":{"line":266,"column":21},"end":{"line":266,"column":58}},"189":{"start":{"line":267,"column":21},"end":{"line":267,"column":57}},"190":{"start":{"line":268,"column":21},"end":{"line":268,"column":59}},"191":{"start":{"line":269,"column":21},"end":{"line":269,"column":58}},"192":{"start":{"line":272,"column":4},"end":{"line":272,"column":25}},"193":{"start":{"line":275,"column":27},"end":{"line":281,"column":4}},"194":{"start":{"line":276,"column":4},"end":{"line":276,"column":26}},"195":{"start":{"line":277,"column":4},"end":{"line":280,"column":7}},"196":{"start":{"line":278,"column":19},"end":{"line":278,"column":42}},"197":{"start":{"line":279,"column":19},"end":{"line":279,"column":44}},"198":{"start":{"line":283,"column":30},"end":{"line":289,"column":4}},"199":{"start":{"line":284,"column":4},"end":{"line":284,"column":29}},"200":{"start":{"line":285,"column":4},"end":{"line":285,"column":50}},"201":{"start":{"line":285,"column":23},"end":{"line":285,"column":48}},"202":{"start":{"line":286,"column":4},"end":{"line":286,"column":44}},"203":{"start":{"line":286,"column":24},"end":{"line":286,"column":42}},"204":{"start":{"line":287,"column":4},"end":{"line":287,"column":45}},"205":{"start":{"line":287,"column":24},"end":{"line":287,"column":43}},"206":{"start":{"line":291,"column":29},"end":{"line":299,"column":4}},"207":{"start":{"line":292,"column":4},"end":{"line":292,"column":28}},"208":{"start":{"line":293,"column":4},"end":{"line":293,"column":25}},"209":{"start":{"line":294,"column":4},"end":{"line":297,"column":7}},"210":{"start":{"line":295,"column":6},"end":{"line":295,"column":31}},"211":{"start":{"line":296,"column":6},"end":{"line":296,"column":45}},"212":{"start":{"line":296,"column":24},"end":{"line":296,"column":43}},"213":{"start":{"line":298,"column":4},"end":{"line":298,"column":25}},"214":{"start":{"line":301,"column":31},"end":{"line":304,"column":4}},"215":{"start":{"line":302,"column":4},"end":{"line":302,"column":30}},"216":{"start":{"line":303,"column":4},"end":{"line":303,"column":32}},"217":{"start":{"line":306,"column":30},"end":{"line":314,"column":4}},"218":{"start":{"line":307,"column":4},"end":{"line":307,"column":29}},"219":{"start":{"line":308,"column":4},"end":{"line":308,"column":25}},"220":{"start":{"line":309,"column":4},"end":{"line":312,"column":7}},"221":{"start":{"line":310,"column":6},"end":{"line":310,"column":31}},"222":{"start":{"line":311,"column":6},"end":{"line":311,"column":26}},"223":{"start":{"line":313,"column":4},"end":{"line":313,"column":25}},"224":{"start":{"line":316,"column":30},"end":{"line":323,"column":4}},"225":{"start":{"line":317,"column":4},"end":{"line":317,"column":32}},"226":{"start":{"line":318,"column":4},"end":{"line":318,"column":29}},"227":{"start":{"line":319,"column":4},"end":{"line":321,"column":7}},"228":{"start":{"line":320,"column":6},"end":{"line":320,"column":35}},"229":{"start":{"line":322,"column":4},"end":{"line":322,"column":35}},"230":{"start":{"line":325,"column":26},"end":{"line":332,"column":4}},"231":{"start":{"line":326,"column":4},"end":{"line":326,"column":28}},"232":{"start":{"line":327,"column":4},"end":{"line":327,"column":29}},"233":{"start":{"line":328,"column":4},"end":{"line":330,"column":7}},"234":{"start":{"line":329,"column":6},"end":{"line":329,"column":35}},"235":{"start":{"line":331,"column":4},"end":{"line":331,"column":35}},"236":{"start":{"line":334,"column":26},"end":{"line":341,"column":4}},"237":{"start":{"line":335,"column":4},"end":{"line":335,"column":28}},"238":{"start":{"line":336,"column":4},"end":{"line":336,"column":29}},"239":{"start":{"line":337,"column":4},"end":{"line":339,"column":7}},"240":{"start":{"line":338,"column":6},"end":{"line":338,"column":35}},"241":{"start":{"line":340,"column":4},"end":{"line":340,"column":35}},"242":{"start":{"line":343,"column":25},"end":{"line":362,"column":4}},"243":{"start":{"line":344,"column":4},"end":{"line":344,"column":24}},"244":{"start":{"line":345,"column":4},"end":{"line":348,"column":7}},"245":{"start":{"line":346,"column":19},"end":{"line":346,"column":42}},"246":{"start":{"line":347,"column":19},"end":{"line":347,"column":44}},"247":{"start":{"line":349,"column":4},"end":{"line":349,"column":51}},"248":{"start":{"line":349,"column":22},"end":{"line":349,"column":49}},"249":{"start":{"line":350,"column":4},"end":{"line":350,"column":25}},"250":{"start":{"line":351,"column":4},"end":{"line":356,"column":7}},"251":{"start":{"line":353,"column":8},"end":{"line":353,"column":29}},"252":{"start":{"line":354,"column":8},"end":{"line":354,"column":26}},"253":{"start":{"line":357,"column":4},"end":{"line":360,"column":null}},"254":{"start":{"line":358,"column":6},"end":{"line":358,"column":26}},"255":{"start":{"line":359,"column":6},"end":{"line":359,"column":35}},"256":{"start":{"line":361,"column":4},"end":{"line":361,"column":25}},"257":{"start":{"line":364,"column":27},"end":{"line":378,"column":4}},"258":{"start":{"line":365,"column":4},"end":{"line":365,"column":26}},"259":{"start":{"line":366,"column":4},"end":{"line":366,"column":29}},"260":{"start":{"line":367,"column":4},"end":{"line":367,"column":51}},"261":{"start":{"line":367,"column":22},"end":{"line":367,"column":49}},"262":{"start":{"line":368,"column":4},"end":{"line":368,"column":53}},"263":{"start":{"line":368,"column":23},"end":{"line":368,"column":51}},"264":{"start":{"line":369,"column":4},"end":{"line":369,"column":25}},"265":{"start":{"line":370,"column":4},"end":{"line":376,"column":7}},"266":{"start":{"line":371,"column":6},"end":{"line":375,"column":9}},"267":{"start":{"line":372,"column":20},"end":{"line":372,"column":59}},"268":{"start":{"line":373,"column":20},"end":{"line":373,"column":56}},"269":{"start":{"line":374,"column":21},"end":{"line":374,"column":47}},"270":{"start":{"line":374,"column":48},"end":{"line":374,"column":77}},"271":{"start":{"line":377,"column":4},"end":{"line":377,"column":25}},"272":{"start":{"line":380,"column":30},"end":{"line":396,"column":4}},"273":{"start":{"line":381,"column":4},"end":{"line":381,"column":29}},"274":{"start":{"line":382,"column":4},"end":{"line":382,"column":29}},"275":{"start":{"line":383,"column":4},"end":{"line":383,"column":32}},"276":{"start":{"line":384,"column":4},"end":{"line":384,"column":52}},"277":{"start":{"line":384,"column":22},"end":{"line":384,"column":50}},"278":{"start":{"line":385,"column":4},"end":{"line":385,"column":53}},"279":{"start":{"line":385,"column":23},"end":{"line":385,"column":51}},"280":{"start":{"line":386,"column":4},"end":{"line":386,"column":25}},"281":{"start":{"line":387,"column":4},"end":{"line":394,"column":null}},"282":{"start":{"line":388,"column":6},"end":{"line":393,"column":9}},"283":{"start":{"line":389,"column":21},"end":{"line":389,"column":55}},"284":{"start":{"line":390,"column":21},"end":{"line":390,"column":57}},"285":{"start":{"line":391,"column":21},"end":{"line":391,"column":58}},"286":{"start":{"line":392,"column":21},"end":{"line":392,"column":47}},"287":{"start":{"line":392,"column":48},"end":{"line":392,"column":77}},"288":{"start":{"line":395,"column":4},"end":{"line":395,"column":25}},"289":{"start":{"line":398,"column":26},"end":{"line":408,"column":4}},"290":{"start":{"line":399,"column":4},"end":{"line":399,"column":25}},"291":{"start":{"line":400,"column":4},"end":{"line":400,"column":25}},"292":{"start":{"line":401,"column":4},"end":{"line":406,"column":7}},"293":{"start":{"line":402,"column":6},"end":{"line":405,"column":9}},"294":{"start":{"line":403,"column":21},"end":{"line":403,"column":60}},"295":{"start":{"line":404,"column":21},"end":{"line":404,"column":65}},"296":{"start":{"line":407,"column":4},"end":{"line":407,"column":25}},"297":{"start":{"line":410,"column":32},"end":{"line":425,"column":4}},"298":{"start":{"line":411,"column":4},"end":{"line":411,"column":26}},"299":{"start":{"line":412,"column":4},"end":{"line":412,"column":32}},"300":{"start":{"line":413,"column":4},"end":{"line":413,"column":25}},"301":{"start":{"line":414,"column":4},"end":{"line":423,"column":7}},"302":{"start":{"line":415,"column":6},"end":{"line":422,"column":9}},"303":{"start":{"line":416,"column":21},"end":{"line":416,"column":51}},"304":{"start":{"line":417,"column":21},"end":{"line":417,"column":56}},"305":{"start":{"line":418,"column":21},"end":{"line":418,"column":51}},"306":{"start":{"line":419,"column":21},"end":{"line":419,"column":52}},"307":{"start":{"line":420,"column":21},"end":{"line":420,"column":50}},"308":{"start":{"line":421,"column":21},"end":{"line":421,"column":53}},"309":{"start":{"line":424,"column":4},"end":{"line":424,"column":25}},"310":{"start":{"line":427,"column":37},"end":{"line":439,"column":4}},"311":{"start":{"line":428,"column":4},"end":{"line":428,"column":31}},"312":{"start":{"line":429,"column":4},"end":{"line":429,"column":29}},"313":{"start":{"line":430,"column":4},"end":{"line":430,"column":25}},"314":{"start":{"line":431,"column":4},"end":{"line":437,"column":7}},"315":{"start":{"line":432,"column":6},"end":{"line":436,"column":9}},"316":{"start":{"line":433,"column":21},"end":{"line":433,"column":56}},"317":{"start":{"line":434,"column":21},"end":{"line":434,"column":51}},"318":{"start":{"line":435,"column":21},"end":{"line":435,"column":52}},"319":{"start":{"line":438,"column":4},"end":{"line":438,"column":25}},"320":{"start":{"line":441,"column":23},"end":{"line":448,"column":4}},"321":{"start":{"line":442,"column":4},"end":{"line":442,"column":24}},"322":{"start":{"line":443,"column":4},"end":{"line":446,"column":7}},"323":{"start":{"line":444,"column":19},"end":{"line":444,"column":43}},"324":{"start":{"line":445,"column":19},"end":{"line":445,"column":40}},"325":{"start":{"line":450,"column":28},"end":{"line":453,"column":4}},"326":{"start":{"line":451,"column":4},"end":{"line":451,"column":29}},"327":{"start":{"line":452,"column":4},"end":{"line":452,"column":27}},"328":{"start":{"line":455,"column":23},"end":{"line":458,"column":4}},"329":{"start":{"line":456,"column":4},"end":{"line":456,"column":24}},"330":{"start":{"line":457,"column":4},"end":{"line":457,"column":27}},"331":{"start":{"line":460,"column":24},"end":{"line":463,"column":4}},"332":{"start":{"line":461,"column":4},"end":{"line":461,"column":25}},"333":{"start":{"line":462,"column":4},"end":{"line":462,"column":27}},"334":{"start":{"line":465,"column":22},"end":{"line":468,"column":4}},"335":{"start":{"line":466,"column":4},"end":{"line":466,"column":27}},"336":{"start":{"line":467,"column":4},"end":{"line":467,"column":22}},"337":{"start":{"line":470,"column":25},"end":{"line":473,"column":4}},"338":{"start":{"line":471,"column":4},"end":{"line":471,"column":26}},"339":{"start":{"line":472,"column":4},"end":{"line":472,"column":22}},"340":{"start":{"line":476,"column":13},"end":{"line":476,"column":57}},"341":{"start":{"line":477,"column":13},"end":{"line":478,"column":51}}},"fnMap":{"0":{"name":"(anonymous_0)","decl":{"start":{"line":7,"column":2},"end":{"line":7,"column":null}},"loc":{"start":{"line":7,"column":2},"end":{"line":13,"column":3}}},"1":{"name":"(anonymous_1)","decl":{"start":{"line":16,"column":58},"end":{"line":16,"column":61}},"loc":{"start":{"line":16,"column":63},"end":{"line":23,"column":3}}},"2":{"name":"(anonymous_2)","decl":{"start":{"line":19,"column":12},"end":{"line":19,"column":15}},"loc":{"start":{"line":19,"column":17},"end":{"line":19,"column":66}}},"3":{"name":"(anonymous_3)","decl":{"start":{"line":20,"column":12},"end":{"line":20,"column":15}},"loc":{"start":{"line":20,"column":17},"end":{"line":20,"column":125}}},"4":{"name":"(anonymous_4)","decl":{"start":{"line":20,"column":33},"end":{"line":20,"column":36}},"loc":{"start":{"line":20,"column":38},"end":{"line":20,"column":70}}},"5":{"name":"(anonymous_5)","decl":{"start":{"line":20,"column":86},"end":{"line":20,"column":89}},"loc":{"start":{"line":20,"column":91},"end":{"line":20,"column":123}}},"6":{"name":"(anonymous_6)","decl":{"start":{"line":25,"column":59},"end":{"line":25,"column":62}},"loc":{"start":{"line":25,"column":64},"end":{"line":32,"column":3}}},"7":{"name":"(anonymous_7)","decl":{"start":{"line":28,"column":16},"end":{"line":28,"column":19}},"loc":{"start":{"line":28,"column":21},"end":{"line":30,"column":5}}},"8":{"name":"(anonymous_8)","decl":{"start":{"line":34,"column":51},"end":{"line":34,"column":54}},"loc":{"start":{"line":34,"column":56},"end":{"line":37,"column":3}}},"9":{"name":"(anonymous_9)","decl":{"start":{"line":39,"column":61},"end":{"line":39,"column":64}},"loc":{"start":{"line":39,"column":66},"end":{"line":51,"column":3}}},"10":{"name":"(anonymous_10)","decl":{"start":{"line":41,"column":14},"end":{"line":41,"column":17}},"loc":{"start":{"line":41,"column":19},"end":{"line":49,"column":5}}},"11":{"name":"(anonymous_11)","decl":{"start":{"line":43,"column":18},"end":{"line":43,"column":21}},"loc":{"start":{"line":43,"column":23},"end":{"line":43,"column":57}}},"12":{"name":"(anonymous_12)","decl":{"start":{"line":44,"column":18},"end":{"line":44,"column":21}},"loc":{"start":{"line":44,"column":23},"end":{"line":44,"column":58}}},"13":{"name":"(anonymous_13)","decl":{"start":{"line":45,"column":18},"end":{"line":45,"column":21}},"loc":{"start":{"line":45,"column":23},"end":{"line":45,"column":66}}},"14":{"name":"(anonymous_14)","decl":{"start":{"line":46,"column":18},"end":{"line":46,"column":21}},"loc":{"start":{"line":46,"column":23},"end":{"line":46,"column":65}}},"15":{"name":"(anonymous_15)","decl":{"start":{"line":47,"column":18},"end":{"line":47,"column":21}},"loc":{"start":{"line":47,"column":23},"end":{"line":47,"column":73}}},"16":{"name":"(anonymous_16)","decl":{"start":{"line":53,"column":51},"end":{"line":53,"column":54}},"loc":{"start":{"line":53,"column":56},"end":{"line":61,"column":3}}},"17":{"name":"(anonymous_17)","decl":{"start":{"line":54,"column":16},"end":{"line":54,"column":19}},"loc":{"start":{"line":54,"column":21},"end":{"line":57,"column":5}}},"18":{"name":"(anonymous_18)","decl":{"start":{"line":63,"column":61},"end":{"line":63,"column":64}},"loc":{"start":{"line":63,"column":66},"end":{"line":72,"column":3}}},"19":{"name":"(anonymous_19)","decl":{"start":{"line":65,"column":14},"end":{"line":65,"column":17}},"loc":{"start":{"line":65,"column":19},"end":{"line":70,"column":5}}},"20":{"name":"(anonymous_20)","decl":{"start":{"line":67,"column":18},"end":{"line":67,"column":21}},"loc":{"start":{"line":67,"column":23},"end":{"line":67,"column":58}}},"21":{"name":"(anonymous_21)","decl":{"start":{"line":68,"column":18},"end":{"line":68,"column":21}},"loc":{"start":{"line":68,"column":23},"end":{"line":68,"column":66}}},"22":{"name":"(anonymous_22)","decl":{"start":{"line":74,"column":53},"end":{"line":74,"column":56}},"loc":{"start":{"line":74,"column":58},"end":{"line":87,"column":3}}},"23":{"name":"(anonymous_23)","decl":{"start":{"line":75,"column":16},"end":{"line":75,"column":19}},"loc":{"start":{"line":75,"column":21},"end":{"line":78,"column":5}}},"24":{"name":"(anonymous_24)","decl":{"start":{"line":81,"column":17},"end":{"line":81,"column":20}},"loc":{"start":{"line":81,"column":22},"end":{"line":83,"column":5}}},"25":{"name":"(anonymous_25)","decl":{"start":{"line":84,"column":17},"end":{"line":84,"column":20}},"loc":{"start":{"line":84,"column":22},"end":{"line":86,"column":5}}},"26":{"name":"(anonymous_26)","decl":{"start":{"line":89,"column":69},"end":{"line":89,"column":72}},"loc":{"start":{"line":89,"column":74},"end":{"line":102,"column":3}}},"27":{"name":"(anonymous_27)","decl":{"start":{"line":90,"column":16},"end":{"line":90,"column":19}},"loc":{"start":{"line":90,"column":21},"end":{"line":93,"column":5}}},"28":{"name":"(anonymous_28)","decl":{"start":{"line":96,"column":14},"end":{"line":96,"column":17}},"loc":{"start":{"line":96,"column":19},"end":{"line":98,"column":5}}},"29":{"name":"(anonymous_29)","decl":{"start":{"line":99,"column":17},"end":{"line":99,"column":20}},"loc":{"start":{"line":99,"column":22},"end":{"line":101,"column":5}}},"30":{"name":"(anonymous_30)","decl":{"start":{"line":104,"column":79},"end":{"line":104,"column":82}},"loc":{"start":{"line":104,"column":84},"end":{"line":114,"column":3}}},"31":{"name":"(anonymous_31)","decl":{"start":{"line":106,"column":14},"end":{"line":106,"column":17}},"loc":{"start":{"line":106,"column":19},"end":{"line":112,"column":5}}},"32":{"name":"(anonymous_32)","decl":{"start":{"line":108,"column":14},"end":{"line":108,"column":17}},"loc":{"start":{"line":108,"column":19},"end":{"line":108,"column":57}}},"33":{"name":"(anonymous_33)","decl":{"start":{"line":109,"column":14},"end":{"line":109,"column":17}},"loc":{"start":{"line":109,"column":19},"end":{"line":109,"column":61}}},"34":{"name":"(anonymous_34)","decl":{"start":{"line":116,"column":59},"end":{"line":116,"column":62}},"loc":{"start":{"line":116,"column":64},"end":{"line":127,"column":3}}},"35":{"name":"(anonymous_35)","decl":{"start":{"line":117,"column":16},"end":{"line":117,"column":19}},"loc":{"start":{"line":117,"column":21},"end":{"line":120,"column":5}}},"36":{"name":"(anonymous_36)","decl":{"start":{"line":123,"column":14},"end":{"line":123,"column":17}},"loc":{"start":{"line":123,"column":19},"end":{"line":125,"column":5}}},"37":{"name":"(anonymous_37)","decl":{"start":{"line":126,"column":17},"end":{"line":126,"column":20}},"loc":{"start":{"line":126,"column":23},"end":{"line":126,"column":63}}},"38":{"name":"(anonymous_38)","decl":{"start":{"line":129,"column":69},"end":{"line":129,"column":72}},"loc":{"start":{"line":129,"column":74},"end":{"line":138,"column":3}}},"39":{"name":"(anonymous_39)","decl":{"start":{"line":131,"column":14},"end":{"line":131,"column":17}},"loc":{"start":{"line":131,"column":19},"end":{"line":136,"column":5}}},"40":{"name":"(anonymous_40)","decl":{"start":{"line":133,"column":14},"end":{"line":133,"column":17}},"loc":{"start":{"line":133,"column":19},"end":{"line":133,"column":57}}},"41":{"name":"(anonymous_41)","decl":{"start":{"line":134,"column":14},"end":{"line":134,"column":17}},"loc":{"start":{"line":134,"column":19},"end":{"line":134,"column":61}}},"42":{"name":"(anonymous_42)","decl":{"start":{"line":140,"column":59},"end":{"line":140,"column":62}},"loc":{"start":{"line":140,"column":64},"end":{"line":150,"column":3}}},"43":{"name":"(anonymous_43)","decl":{"start":{"line":141,"column":16},"end":{"line":141,"column":19}},"loc":{"start":{"line":141,"column":21},"end":{"line":144,"column":5}}},"44":{"name":"(anonymous_44)","decl":{"start":{"line":147,"column":14},"end":{"line":147,"column":17}},"loc":{"start":{"line":147,"column":19},"end":{"line":149,"column":5}}},"45":{"name":"(anonymous_45)","decl":{"start":{"line":152,"column":67},"end":{"line":152,"column":70}},"loc":{"start":{"line":152,"column":72},"end":{"line":159,"column":3}}},"46":{"name":"(anonymous_46)","decl":{"start":{"line":156,"column":14},"end":{"line":156,"column":17}},"loc":{"start":{"line":156,"column":19},"end":{"line":158,"column":5}}},"47":{"name":"(anonymous_47)","decl":{"start":{"line":161,"column":67},"end":{"line":161,"column":70}},"loc":{"start":{"line":161,"column":72},"end":{"line":167,"column":3}}},"48":{"name":"(anonymous_48)","decl":{"start":{"line":164,"column":14},"end":{"line":164,"column":17}},"loc":{"start":{"line":164,"column":19},"end":{"line":166,"column":5}}},"49":{"name":"(anonymous_49)","decl":{"start":{"line":169,"column":83},"end":{"line":169,"column":86}},"loc":{"start":{"line":169,"column":88},"end":{"line":177,"column":3}}},"50":{"name":"(anonymous_50)","decl":{"start":{"line":170,"column":16},"end":{"line":170,"column":19}},"loc":{"start":{"line":170,"column":21},"end":{"line":173,"column":5}}},"51":{"name":"(anonymous_51)","decl":{"start":{"line":179,"column":93},"end":{"line":179,"column":96}},"loc":{"start":{"line":179,"column":98},"end":{"line":187,"column":3}}},"52":{"name":"(anonymous_52)","decl":{"start":{"line":181,"column":14},"end":{"line":181,"column":17}},"loc":{"start":{"line":181,"column":20},"end":{"line":185,"column":6}}},"53":{"name":"(anonymous_53)","decl":{"start":{"line":182,"column":12},"end":{"line":182,"column":15}},"loc":{"start":{"line":182,"column":17},"end":{"line":182,"column":60}}},"54":{"name":"(anonymous_54)","decl":{"start":{"line":183,"column":12},"end":{"line":183,"column":15}},"loc":{"start":{"line":183,"column":17},"end":{"line":183,"column":63}}},"55":{"name":"(anonymous_55)","decl":{"start":{"line":184,"column":12},"end":{"line":184,"column":15}},"loc":{"start":{"line":184,"column":17},"end":{"line":184,"column":59}}},"56":{"name":"(anonymous_56)","decl":{"start":{"line":189,"column":69},"end":{"line":189,"column":72}},"loc":{"start":{"line":189,"column":74},"end":{"line":201,"column":3}}},"57":{"name":"(anonymous_57)","decl":{"start":{"line":190,"column":16},"end":{"line":190,"column":19}},"loc":{"start":{"line":190,"column":21},"end":{"line":193,"column":5}}},"58":{"name":"(anonymous_58)","decl":{"start":{"line":196,"column":17},"end":{"line":196,"column":20}},"loc":{"start":{"line":196,"column":23},"end":{"line":196,"column":51}}},"59":{"name":"(anonymous_59)","decl":{"start":{"line":197,"column":17},"end":{"line":197,"column":20}},"loc":{"start":{"line":197,"column":23},"end":{"line":197,"column":51}}},"60":{"name":"(anonymous_60)","decl":{"start":{"line":198,"column":17},"end":{"line":198,"column":20}},"loc":{"start":{"line":198,"column":23},"end":{"line":198,"column":51}}},"61":{"name":"(anonymous_61)","decl":{"start":{"line":199,"column":17},"end":{"line":199,"column":20}},"loc":{"start":{"line":199,"column":23},"end":{"line":199,"column":41}}},"62":{"name":"(anonymous_62)","decl":{"start":{"line":200,"column":17},"end":{"line":200,"column":20}},"loc":{"start":{"line":200,"column":23},"end":{"line":200,"column":68}}},"63":{"name":"(anonymous_63)","decl":{"start":{"line":203,"column":79},"end":{"line":203,"column":82}},"loc":{"start":{"line":203,"column":84},"end":{"line":211,"column":3}}},"64":{"name":"(anonymous_64)","decl":{"start":{"line":205,"column":14},"end":{"line":205,"column":17}},"loc":{"start":{"line":205,"column":20},"end":{"line":209,"column":6}}},"65":{"name":"(anonymous_65)","decl":{"start":{"line":206,"column":12},"end":{"line":206,"column":15}},"loc":{"start":{"line":206,"column":17},"end":{"line":206,"column":60}}},"66":{"name":"(anonymous_66)","decl":{"start":{"line":207,"column":12},"end":{"line":207,"column":15}},"loc":{"start":{"line":207,"column":17},"end":{"line":207,"column":63}}},"67":{"name":"(anonymous_67)","decl":{"start":{"line":208,"column":12},"end":{"line":208,"column":15}},"loc":{"start":{"line":208,"column":17},"end":{"line":208,"column":68}}},"68":{"name":"(anonymous_68)","decl":{"start":{"line":213,"column":75},"end":{"line":213,"column":78}},"loc":{"start":{"line":213,"column":80},"end":{"line":223,"column":3}}},"69":{"name":"(anonymous_69)","decl":{"start":{"line":214,"column":16},"end":{"line":214,"column":19}},"loc":{"start":{"line":214,"column":21},"end":{"line":217,"column":5}}},"70":{"name":"(anonymous_70)","decl":{"start":{"line":220,"column":14},"end":{"line":220,"column":17}},"loc":{"start":{"line":220,"column":19},"end":{"line":222,"column":5}}},"71":{"name":"(anonymous_71)","decl":{"start":{"line":225,"column":85},"end":{"line":225,"column":88}},"loc":{"start":{"line":225,"column":90},"end":{"line":229,"column":3}}},"72":{"name":"(anonymous_72)","decl":{"start":{"line":228,"column":14},"end":{"line":228,"column":17}},"loc":{"start":{"line":228,"column":19},"end":{"line":228,"column":49}}},"73":{"name":"(anonymous_73)","decl":{"start":{"line":231,"column":51},"end":{"line":231,"column":54}},"loc":{"start":{"line":231,"column":56},"end":{"line":234,"column":3}}},"74":{"name":"(anonymous_74)","decl":{"start":{"line":236,"column":61},"end":{"line":236,"column":64}},"loc":{"start":{"line":236,"column":66},"end":{"line":251,"column":3}}},"75":{"name":"(anonymous_75)","decl":{"start":{"line":238,"column":14},"end":{"line":238,"column":17}},"loc":{"start":{"line":238,"column":19},"end":{"line":249,"column":5}}},"76":{"name":"(anonymous_76)","decl":{"start":{"line":240,"column":14},"end":{"line":240,"column":17}},"loc":{"start":{"line":240,"column":19},"end":{"line":240,"column":60}}},"77":{"name":"(anonymous_77)","decl":{"start":{"line":241,"column":14},"end":{"line":241,"column":17}},"loc":{"start":{"line":241,"column":19},"end":{"line":241,"column":58}}},"78":{"name":"(anonymous_78)","decl":{"start":{"line":242,"column":14},"end":{"line":242,"column":17}},"loc":{"start":{"line":242,"column":19},"end":{"line":242,"column":54}}},"79":{"name":"(anonymous_79)","decl":{"start":{"line":243,"column":14},"end":{"line":243,"column":17}},"loc":{"start":{"line":243,"column":19},"end":{"line":243,"column":54}}},"80":{"name":"(anonymous_80)","decl":{"start":{"line":244,"column":14},"end":{"line":244,"column":17}},"loc":{"start":{"line":244,"column":19},"end":{"line":244,"column":53}}},"81":{"name":"(anonymous_81)","decl":{"start":{"line":245,"column":14},"end":{"line":245,"column":17}},"loc":{"start":{"line":245,"column":19},"end":{"line":245,"column":54}}},"82":{"name":"(anonymous_82)","decl":{"start":{"line":246,"column":14},"end":{"line":246,"column":17}},"loc":{"start":{"line":246,"column":19},"end":{"line":246,"column":55}}},"83":{"name":"(anonymous_83)","decl":{"start":{"line":247,"column":14},"end":{"line":247,"column":17}},"loc":{"start":{"line":247,"column":19},"end":{"line":247,"column":58}}},"84":{"name":"(anonymous_84)","decl":{"start":{"line":253,"column":65},"end":{"line":253,"column":68}},"loc":{"start":{"line":253,"column":70},"end":{"line":259,"column":3}}},"85":{"name":"(anonymous_85)","decl":{"start":{"line":255,"column":14},"end":{"line":255,"column":17}},"loc":{"start":{"line":255,"column":19},"end":{"line":257,"column":5}}},"86":{"name":"(anonymous_86)","decl":{"start":{"line":261,"column":49},"end":{"line":261,"column":52}},"loc":{"start":{"line":261,"column":54},"end":{"line":273,"column":3}}},"87":{"name":"(anonymous_87)","decl":{"start":{"line":263,"column":14},"end":{"line":263,"column":17}},"loc":{"start":{"line":263,"column":19},"end":{"line":271,"column":5}}},"88":{"name":"(anonymous_88)","decl":{"start":{"line":265,"column":14},"end":{"line":265,"column":17}},"loc":{"start":{"line":265,"column":19},"end":{"line":265,"column":55}}},"89":{"name":"(anonymous_89)","decl":{"start":{"line":266,"column":14},"end":{"line":266,"column":17}},"loc":{"start":{"line":266,"column":19},"end":{"line":266,"column":58}}},"90":{"name":"(anonymous_90)","decl":{"start":{"line":267,"column":14},"end":{"line":267,"column":17}},"loc":{"start":{"line":267,"column":19},"end":{"line":267,"column":57}}},"91":{"name":"(anonymous_91)","decl":{"start":{"line":268,"column":14},"end":{"line":268,"column":17}},"loc":{"start":{"line":268,"column":19},"end":{"line":268,"column":59}}},"92":{"name":"(anonymous_92)","decl":{"start":{"line":269,"column":14},"end":{"line":269,"column":17}},"loc":{"start":{"line":269,"column":19},"end":{"line":269,"column":58}}},"93":{"name":"(anonymous_93)","decl":{"start":{"line":275,"column":55},"end":{"line":275,"column":58}},"loc":{"start":{"line":275,"column":60},"end":{"line":281,"column":3}}},"94":{"name":"(anonymous_94)","decl":{"start":{"line":278,"column":12},"end":{"line":278,"column":15}},"loc":{"start":{"line":278,"column":17},"end":{"line":278,"column":42}}},"95":{"name":"(anonymous_95)","decl":{"start":{"line":279,"column":12},"end":{"line":279,"column":15}},"loc":{"start":{"line":279,"column":17},"end":{"line":279,"column":44}}},"96":{"name":"(anonymous_96)","decl":{"start":{"line":283,"column":61},"end":{"line":283,"column":64}},"loc":{"start":{"line":283,"column":66},"end":{"line":289,"column":3}}},"97":{"name":"(anonymous_97)","decl":{"start":{"line":285,"column":16},"end":{"line":285,"column":19}},"loc":{"start":{"line":285,"column":21},"end":{"line":285,"column":48}}},"98":{"name":"(anonymous_98)","decl":{"start":{"line":286,"column":17},"end":{"line":286,"column":20}},"loc":{"start":{"line":286,"column":22},"end":{"line":286,"column":42}}},"99":{"name":"(anonymous_99)","decl":{"start":{"line":287,"column":17},"end":{"line":287,"column":20}},"loc":{"start":{"line":287,"column":22},"end":{"line":287,"column":43}}},"100":{"name":"(anonymous_100)","decl":{"start":{"line":291,"column":59},"end":{"line":291,"column":62}},"loc":{"start":{"line":291,"column":64},"end":{"line":299,"column":3}}},"101":{"name":"(anonymous_101)","decl":{"start":{"line":294,"column":14},"end":{"line":294,"column":17}},"loc":{"start":{"line":294,"column":19},"end":{"line":297,"column":5}}},"102":{"name":"(anonymous_102)","decl":{"start":{"line":296,"column":18},"end":{"line":296,"column":21}},"loc":{"start":{"line":296,"column":24},"end":{"line":296,"column":43}}},"103":{"name":"(anonymous_103)","decl":{"start":{"line":301,"column":63},"end":{"line":301,"column":66}},"loc":{"start":{"line":301,"column":68},"end":{"line":304,"column":3}}},"104":{"name":"(anonymous_104)","decl":{"start":{"line":306,"column":61},"end":{"line":306,"column":64}},"loc":{"start":{"line":306,"column":66},"end":{"line":314,"column":3}}},"105":{"name":"(anonymous_105)","decl":{"start":{"line":309,"column":14},"end":{"line":309,"column":17}},"loc":{"start":{"line":309,"column":19},"end":{"line":312,"column":5}}},"106":{"name":"(anonymous_106)","decl":{"start":{"line":316,"column":61},"end":{"line":316,"column":64}},"loc":{"start":{"line":316,"column":66},"end":{"line":323,"column":3}}},"107":{"name":"(anonymous_107)","decl":{"start":{"line":319,"column":14},"end":{"line":319,"column":17}},"loc":{"start":{"line":319,"column":19},"end":{"line":321,"column":5}}},"108":{"name":"(anonymous_108)","decl":{"start":{"line":325,"column":53},"end":{"line":325,"column":56}},"loc":{"start":{"line":325,"column":58},"end":{"line":332,"column":3}}},"109":{"name":"(anonymous_109)","decl":{"start":{"line":328,"column":14},"end":{"line":328,"column":17}},"loc":{"start":{"line":328,"column":19},"end":{"line":330,"column":5}}},"110":{"name":"(anonymous_110)","decl":{"start":{"line":334,"column":53},"end":{"line":334,"column":56}},"loc":{"start":{"line":334,"column":58},"end":{"line":341,"column":3}}},"111":{"name":"(anonymous_111)","decl":{"start":{"line":337,"column":14},"end":{"line":337,"column":17}},"loc":{"start":{"line":337,"column":19},"end":{"line":339,"column":5}}},"112":{"name":"(anonymous_112)","decl":{"start":{"line":343,"column":51},"end":{"line":343,"column":54}},"loc":{"start":{"line":343,"column":56},"end":{"line":362,"column":3}}},"113":{"name":"(anonymous_113)","decl":{"start":{"line":346,"column":12},"end":{"line":346,"column":15}},"loc":{"start":{"line":346,"column":17},"end":{"line":346,"column":42}}},"114":{"name":"(anonymous_114)","decl":{"start":{"line":347,"column":12},"end":{"line":347,"column":15}},"loc":{"start":{"line":347,"column":17},"end":{"line":347,"column":44}}},"115":{"name":"(anonymous_115)","decl":{"start":{"line":349,"column":16},"end":{"line":349,"column":19}},"loc":{"start":{"line":349,"column":22},"end":{"line":349,"column":49}}},"116":{"name":"(anonymous_116)","decl":{"start":{"line":352,"column":12},"end":{"line":352,"column":15}},"loc":{"start":{"line":352,"column":17},"end":{"line":355,"column":7}}},"117":{"name":"(anonymous_117)","decl":{"start":{"line":357,"column":17},"end":{"line":357,"column":20}},"loc":{"start":{"line":357,"column":22},"end":{"line":360,"column":5}}},"118":{"name":"(anonymous_118)","decl":{"start":{"line":364,"column":55},"end":{"line":364,"column":58}},"loc":{"start":{"line":364,"column":60},"end":{"line":378,"column":3}}},"119":{"name":"(anonymous_119)","decl":{"start":{"line":367,"column":16},"end":{"line":367,"column":19}},"loc":{"start":{"line":367,"column":22},"end":{"line":367,"column":49}}},"120":{"name":"(anonymous_120)","decl":{"start":{"line":368,"column":17},"end":{"line":368,"column":20}},"loc":{"start":{"line":368,"column":23},"end":{"line":368,"column":51}}},"121":{"name":"(anonymous_121)","decl":{"start":{"line":370,"column":14},"end":{"line":370,"column":17}},"loc":{"start":{"line":370,"column":19},"end":{"line":376,"column":5}}},"122":{"name":"(anonymous_122)","decl":{"start":{"line":372,"column":14},"end":{"line":372,"column":17}},"loc":{"start":{"line":372,"column":20},"end":{"line":372,"column":59}}},"123":{"name":"(anonymous_123)","decl":{"start":{"line":373,"column":14},"end":{"line":373,"column":17}},"loc":{"start":{"line":373,"column":20},"end":{"line":373,"column":56}}},"124":{"name":"(anonymous_124)","decl":{"start":{"line":374,"column":14},"end":{"line":374,"column":17}},"loc":{"start":{"line":374,"column":19},"end":{"line":374,"column":77}}},"125":{"name":"(anonymous_125)","decl":{"start":{"line":380,"column":61},"end":{"line":380,"column":64}},"loc":{"start":{"line":380,"column":66},"end":{"line":396,"column":3}}},"126":{"name":"(anonymous_126)","decl":{"start":{"line":384,"column":16},"end":{"line":384,"column":19}},"loc":{"start":{"line":384,"column":22},"end":{"line":384,"column":50}}},"127":{"name":"(anonymous_127)","decl":{"start":{"line":385,"column":17},"end":{"line":385,"column":20}},"loc":{"start":{"line":385,"column":23},"end":{"line":385,"column":51}}},"128":{"name":"(anonymous_128)","decl":{"start":{"line":387,"column":14},"end":{"line":387,"column":17}},"loc":{"start":{"line":387,"column":19},"end":{"line":394,"column":5}}},"129":{"name":"(anonymous_129)","decl":{"start":{"line":389,"column":14},"end":{"line":389,"column":17}},"loc":{"start":{"line":389,"column":19},"end":{"line":389,"column":55}}},"130":{"name":"(anonymous_130)","decl":{"start":{"line":390,"column":14},"end":{"line":390,"column":17}},"loc":{"start":{"line":390,"column":19},"end":{"line":390,"column":57}}},"131":{"name":"(anonymous_131)","decl":{"start":{"line":391,"column":14},"end":{"line":391,"column":17}},"loc":{"start":{"line":391,"column":19},"end":{"line":391,"column":58}}},"132":{"name":"(anonymous_132)","decl":{"start":{"line":392,"column":14},"end":{"line":392,"column":17}},"loc":{"start":{"line":392,"column":19},"end":{"line":392,"column":77}}},"133":{"name":"(anonymous_133)","decl":{"start":{"line":398,"column":53},"end":{"line":398,"column":56}},"loc":{"start":{"line":398,"column":58},"end":{"line":408,"column":3}}},"134":{"name":"(anonymous_134)","decl":{"start":{"line":401,"column":14},"end":{"line":401,"column":17}},"loc":{"start":{"line":401,"column":19},"end":{"line":406,"column":5}}},"135":{"name":"(anonymous_135)","decl":{"start":{"line":403,"column":14},"end":{"line":403,"column":17}},"loc":{"start":{"line":403,"column":19},"end":{"line":403,"column":60}}},"136":{"name":"(anonymous_136)","decl":{"start":{"line":404,"column":14},"end":{"line":404,"column":17}},"loc":{"start":{"line":404,"column":19},"end":{"line":404,"column":65}}},"137":{"name":"(anonymous_137)","decl":{"start":{"line":410,"column":65},"end":{"line":410,"column":68}},"loc":{"start":{"line":410,"column":70},"end":{"line":425,"column":3}}},"138":{"name":"(anonymous_138)","decl":{"start":{"line":414,"column":14},"end":{"line":414,"column":17}},"loc":{"start":{"line":414,"column":19},"end":{"line":423,"column":5}}},"139":{"name":"(anonymous_139)","decl":{"start":{"line":416,"column":14},"end":{"line":416,"column":17}},"loc":{"start":{"line":416,"column":19},"end":{"line":416,"column":51}}},"140":{"name":"(anonymous_140)","decl":{"start":{"line":417,"column":14},"end":{"line":417,"column":17}},"loc":{"start":{"line":417,"column":19},"end":{"line":417,"column":56}}},"141":{"name":"(anonymous_141)","decl":{"start":{"line":418,"column":14},"end":{"line":418,"column":17}},"loc":{"start":{"line":418,"column":19},"end":{"line":418,"column":51}}},"142":{"name":"(anonymous_142)","decl":{"start":{"line":419,"column":14},"end":{"line":419,"column":17}},"loc":{"start":{"line":419,"column":19},"end":{"line":419,"column":52}}},"143":{"name":"(anonymous_143)","decl":{"start":{"line":420,"column":14},"end":{"line":420,"column":17}},"loc":{"start":{"line":420,"column":19},"end":{"line":420,"column":50}}},"144":{"name":"(anonymous_144)","decl":{"start":{"line":421,"column":14},"end":{"line":421,"column":17}},"loc":{"start":{"line":421,"column":19},"end":{"line":421,"column":53}}},"145":{"name":"(anonymous_145)","decl":{"start":{"line":427,"column":75},"end":{"line":427,"column":78}},"loc":{"start":{"line":427,"column":80},"end":{"line":439,"column":3}}},"146":{"name":"(anonymous_146)","decl":{"start":{"line":431,"column":14},"end":{"line":431,"column":17}},"loc":{"start":{"line":431,"column":19},"end":{"line":437,"column":5}}},"147":{"name":"(anonymous_147)","decl":{"start":{"line":433,"column":14},"end":{"line":433,"column":17}},"loc":{"start":{"line":433,"column":19},"end":{"line":433,"column":56}}},"148":{"name":"(anonymous_148)","decl":{"start":{"line":434,"column":14},"end":{"line":434,"column":17}},"loc":{"start":{"line":434,"column":19},"end":{"line":434,"column":51}}},"149":{"name":"(anonymous_149)","decl":{"start":{"line":435,"column":14},"end":{"line":435,"column":17}},"loc":{"start":{"line":435,"column":19},"end":{"line":435,"column":52}}},"150":{"name":"(anonymous_150)","decl":{"start":{"line":441,"column":47},"end":{"line":441,"column":50}},"loc":{"start":{"line":441,"column":52},"end":{"line":448,"column":3}}},"151":{"name":"(anonymous_151)","decl":{"start":{"line":444,"column":12},"end":{"line":444,"column":15}},"loc":{"start":{"line":444,"column":17},"end":{"line":444,"column":43}}},"152":{"name":"(anonymous_152)","decl":{"start":{"line":445,"column":12},"end":{"line":445,"column":15}},"loc":{"start":{"line":445,"column":17},"end":{"line":445,"column":40}}},"153":{"name":"(anonymous_153)","decl":{"start":{"line":450,"column":57},"end":{"line":450,"column":60}},"loc":{"start":{"line":450,"column":62},"end":{"line":453,"column":3}}},"154":{"name":"(anonymous_154)","decl":{"start":{"line":455,"column":47},"end":{"line":455,"column":50}},"loc":{"start":{"line":455,"column":52},"end":{"line":458,"column":3}}},"155":{"name":"(anonymous_155)","decl":{"start":{"line":460,"column":49},"end":{"line":460,"column":52}},"loc":{"start":{"line":460,"column":54},"end":{"line":463,"column":3}}},"156":{"name":"(anonymous_156)","decl":{"start":{"line":465,"column":45},"end":{"line":465,"column":48}},"loc":{"start":{"line":465,"column":50},"end":{"line":468,"column":3}}},"157":{"name":"(anonymous_157)","decl":{"start":{"line":470,"column":51},"end":{"line":470,"column":54}},"loc":{"start":{"line":470,"column":56},"end":{"line":473,"column":3}}}},"branchMap":{},"s":{"0":1,"1":1,"2":1,"3":1,"4":1,"5":2,"6":2,"7":2,"8":2,"9":1,"10":1,"11":1,"12":1,"13":2,"14":1,"15":2,"16":2,"17":1,"18":1,"19":1,"20":1,"21":2,"22":1,"23":1,"24":1,"25":1,"26":1,"27":1,"28":1,"29":1,"30":1,"31":1,"32":1,"33":1,"34":1,"35":1,"36":1,"37":1,"38":1,"39":1,"40":1,"41":1,"42":1,"43":1,"44":1,"45":1,"46":1,"47":1,"48":1,"49":1,"50":1,"51":1,"52":1,"53":1,"54":1,"55":1,"56":1,"57":1,"58":1,"59":1,"60":1,"61":1,"62":1,"63":1,"64":1,"65":1,"66":1,"67":1,"68":1,"69":1,"70":1,"71":1,"72":1,"73":1,"74":1,"75":1,"76":1,"77":1,"78":1,"79":1,"80":1,"81":1,"82":1,"83":1,"84":1,"85":1,"86":1,"87":1,"88":1,"89":1,"90":1,"91":1,"92":1,"93":1,"94":1,"95":1,"96":1,"97":1,"98":1,"99":1,"100":1,"101":1,"102":1,"103":1,"104":1,"105":1,"106":1,"107":1,"108":1,"109":1,"110":1,"111":1,"112":1,"113":1,"114":1,"115":1,"116":1,"117":1,"118":1,"119":1,"120":1,"121":1,"122":1,"123":1,"124":1,"125":1,"126":1,"127":1,"128":1,"129":1,"130":1,"131":1,"132":1,"133":1,"134":1,"135":1,"136":1,"137":1,"138":1,"139":1,"140":1,"141":1,"142":1,"143":1,"144":1,"145":1,"146":1,"147":1,"148":1,"149":1,"150":1,"151":1,"152":1,"153":1,"154":1,"155":1,"156":1,"157":1,"158":1,"159":1,"160":1,"161":1,"162":1,"163":1,"164":1,"165":1,"166":1,"167":1,"168":1,"169":1,"170":1,"171":1,"172":1,"173":1,"174":1,"175":1,"176":1,"177":1,"178":1,"179":1,"180":1,"181":1,"182":1,"183":1,"184":1,"185":1,"186":1,"187":1,"188":1,"189":1,"190":1,"191":1,"192":1,"193":1,"194":1,"195":1,"196":1,"197":1,"198":1,"199":1,"200":1,"201":1,"202":1,"203":1,"204":1,"205":1,"206":1,"207":1,"208":1,"209":1,"210":1,"211":1,"212":1,"213":1,"214":1,"215":1,"216":1,"217":1,"218":1,"219":1,"220":1,"221":1,"222":1,"223":1,"224":1,"225":1,"226":1,"227":1,"228":1,"229":1,"230":1,"231":1,"232":1,"233":1,"234":1,"235":1,"236":1,"237":1,"238":1,"239":1,"240":1,"241":1,"242":1,"243":1,"244":1,"245":1,"246":1,"247":1,"248":1,"249":1,"250":1,"251":1,"252":1,"253":1,"254":1,"255":1,"256":1,"257":1,"258":1,"259":1,"260":1,"261":1,"262":1,"263":1,"264":1,"265":1,"266":1,"267":1,"268":1,"269":1,"270":1,"271":1,"272":1,"273":1,"274":1,"275":1,"276":1,"277":1,"278":1,"279":1,"280":1,"281":1,"282":1,"283":1,"284":1,"285":1,"286":1,"287":1,"288":1,"289":1,"290":1,"291":1,"292":1,"293":1,"294":1,"295":1,"296":1,"297":1,"298":1,"299":1,"300":1,"301":1,"302":1,"303":1,"304":1,"305":1,"306":1,"307":1,"308":1,"309":1,"310":1,"311":1,"312":1,"313":1,"314":1,"315":1,"316":1,"317":1,"318":1,"319":1,"320":1,"321":1,"322":1,"323":1,"324":1,"325":1,"326":1,"327":1,"328":1,"329":1,"330":1,"331":1,"332":1,"333":1,"334":1,"335":1,"336":1,"337":1,"338":1,"339":1,"340":1,"341":1},"f":{"0":1,"1":2,"2":2,"3":1,"4":1,"5":1,"6":2,"7":1,"8":2,"9":1,"10":1,"11":1,"12":1,"13":1,"14":1,"15":1,"16":1,"17":1,"18":1,"19":1,"20":1,"21":1,"22":1,"23":1,"24":1,"25":1,"26":1,"27":1,"28":1,"29":1,"30":1,"31":1,"32":1,"33":1,"34":1,"35":1,"36":1,"37":1,"38":1,"39":1,"40":1,"41":1,"42":1,"43":1,"44":1,"45":1,"46":1,"47":1,"48":1,"49":1,"50":1,"51":1,"52":1,"53":1,"54":1,"55":1,"56":1,"57":1,"58":1,"59":1,"60":1,"61":1,"62":1,"63":1,"64":1,"65":1,"66":1,"67":1,"68":1,"69":1,"70":1,"71":1,"72":1,"73":1,"74":1,"75":1,"76":1,"77":1,"78":1,"79":1,"80":1,"81":1,"82":1,"83":1,"84":1,"85":1,"86":1,"87":1,"88":1,"89":1,"90":1,"91":1,"92":1,"93":1,"94":1,"95":1,"96":1,"97":1,"98":1,"99":1,"100":1,"101":1,"102":1,"103":1,"104":1,"105":1,"106":1,"107":1,"108":1,"109":1,"110":1,"111":1,"112":1,"113":1,"114":1,"115":1,"116":1,"117":1,"118":1,"119":1,"120":1,"121":1,"122":1,"123":1,"124":1,"125":1,"126":1,"127":1,"128":1,"129":1,"130":1,"131":1,"132":1,"133":1,"134":1,"135":1,"136":1,"137":1,"138":1,"139":1,"140":1,"141":1,"142":1,"143":1,"144":1,"145":1,"146":1,"147":1,"148":1,"149":1,"150":1,"151":1,"152":1,"153":1,"154":1,"155":1,"156":1,"157":1},"b":{}}
}
